<?xml version="1.0" encoding="UTF-8"?>
<testsuite xmlns:xsi="http://www.w3.org/2001/XMLSchema-instance" xsi:noNamespaceSchemaLocation="https://maven.apache.org/surefire/maven-surefire-plugin/xsd/surefire-test-report-3.0.xsd" version="3.0" name="test.TestSaludo" time="0.009" tests="0" errors="0" skipped="0" failures="0">
  <properties>
    <property name="sun.desktop" value="windows"/>
    <property name="awt.toolkit" value="sun.awt.windows.WToolkit"/>
    <property name="file.encoding.pkg" value="sun.io"/>
    <property name="java.specification.version" value="1.8"/>
    <property name="sun.cpu.isalist" value="amd64"/>
    <property name="sun.jnu.encoding" value="Cp1252"/>
    <property name="java.class.path" value="D:\escritorio\netbeans\MV100521\target\test-classes;D:\escritorio\netbeans\MV100521\target\classes;C:\Users\User\.m2\repository\javax\javaee-api\8.0.1\javaee-api-8.0.1.jar;C:\Users\User\.m2\repository\com\sun\mail\javax.mail\1.6.2\javax.mail-1.6.2.jar;C:\Users\User\.m2\repository\javax\activation\activation\1.1\activation-1.1.jar;C:\Users\User\.m2\repository\org\glassfish\main\appclient\gf-client\5.0\gf-client-5.0.jar;C:\Users\User\.m2\repository\org\glassfish\main\appclient\gf-client-module\5.0\gf-client-module-5.0.jar;C:\Users\User\.m2\repository\org\glassfish\hk2\hk2-core\2.5.0-b44\hk2-core-2.5.0-b44.jar;C:\Users\User\.m2\repository\org\glassfish\hk2\hk2-locator\2.5.0-b44\hk2-locator-2.5.0-b44.jar;C:\Users\User\.m2\repository\org\glassfish\hk2\external\javax.inject\2.5.0-b44\javax.inject-2.5.0-b44.jar;C:\Users\User\.m2\repository\org\glassfish\hk2\external\aopalliance-repackaged\2.5.0-b44\aopalliance-repackaged-2.5.0-b44.jar;C:\Users\User\.m2\repository\org\glassfish\hk2\hk2-api\2.5.0-b44\hk2-api-2.5.0-b44.jar;C:\Users\User\.m2\repository\org\javassist\javassist\3.22.0-CR2\javassist-3.22.0-CR2.jar;C:\Users\User\.m2\repository\org\glassfish\hk2\hk2-utils\2.5.0-b44\hk2-utils-2.5.0-b44.jar;C:\Users\User\.m2\repository\org\glassfish\main\common\common-util\5.0\common-util-5.0.jar;C:\Users\User\.m2\repository\org\glassfish\main\ejb\ejb-full-container\5.0\ejb-full-container-5.0.jar;C:\Users\User\.m2\repository\org\glassfish\main\ejb\ejb-container\5.0\ejb-container-5.0.jar;C:\Users\User\.m2\repository\org\glassfish\main\ejb\ejb-client\5.0\ejb-client-5.0.jar;C:\Users\User\.m2\repository\org\glassfish\main\common\stats77\5.0\stats77-5.0.jar;C:\Users\User\.m2\repository\org\glassfish\external\asm-all\6.0_ALPHA\asm-all-6.0_ALPHA.jar;C:\Users\User\.m2\repository\org\glassfish\main\common\container-common\5.0\container-common-5.0.jar;C:\Users\User\.m2\repository\javax\servlet\javax.servlet-api\4.0.0\javax.servlet-api-4.0.0.jar;C:\Users\User\.m2\repository\org\glassfish\main\common\internal-api\5.0\internal-api-5.0.jar;C:\Users\User\.m2\repository\org\glassfish\main\admin\config-api\5.0\config-api-5.0.jar;C:\Users\User\.m2\repository\org\glassfish\main\admin\admin-util\5.0\admin-util-5.0.jar;C:\Users\User\.m2\repository\org\glassfish\main\security\security-services\5.0\security-services-5.0.jar;C:\Users\User\.m2\repository\com\fasterxml\jackson\core\jackson-annotations\2.8.9\jackson-annotations-2.8.9.jar;C:\Users\User\.m2\repository\com\fasterxml\jackson\core\jackson-databind\2.8.9\jackson-databind-2.8.9.jar;C:\Users\User\.m2\repository\com\fasterxml\jackson\core\jackson-core\2.8.9\jackson-core-2.8.9.jar;C:\Users\User\.m2\repository\com\fasterxml\jackson\module\jackson-module-jaxb-annotations\2.8.9\jackson-module-jaxb-annotations-2.8.9.jar;C:\Users\User\.m2\repository\org\glassfish\main\security\security\5.0\security-5.0.jar;C:\Users\User\.m2\repository\org\glassfish\main\security\ssl-impl\5.0\ssl-impl-5.0.jar;C:\Users\User\.m2\repository\org\glassfish\main\external\ldapbp-repackaged\5.0\ldapbp-repackaged-5.0.jar;C:\Users\User\.m2\repository\org\glassfish\main\connectors\connectors-internal-api\5.0\connectors-internal-api-5.0.jar;C:\Users\User\.m2\repository\org\glassfish\ha\ha-api\3.1.8\ha-api-3.1.8.jar;C:\Users\User\.m2\repository\org\glassfish\main\deployment\dol\5.0\dol-5.0.jar;C:\Users\User\.m2\repository\javax\transaction\javax.transaction-api\1.2.1\javax.transaction-api-1.2.1.jar;C:\Users\User\.m2\repository\javax\enterprise\deploy\javax.enterprise.deploy-api\1.6\javax.enterprise.deploy-api-1.6.jar;C:\Users\User\.m2\repository\org\eclipse\persistence\javax.persistence\2.2.0\javax.persistence-2.2.0.jar;C:\Users\User\.m2\repository\javax\resource\javax.resource-api\1.7\javax.resource-api-1.7.jar;C:\Users\User\.m2\repository\javax\ejb\javax.ejb-api\3.2\javax.ejb-api-3.2.jar;C:\Users\User\.m2\repository\org\glassfish\main\deployment\deployment-common\5.0\deployment-common-5.0.jar;C:\Users\User\.m2\repository\org\glassfish\main\common\annotation-framework\5.0\annotation-framework-5.0.jar;C:\Users\User\.m2\repository\org\glassfish\main\resourcebase\resources\nucleus-resources\5.0\nucleus-resources-5.0.jar;C:\Users\User\.m2\repository\org\glassfish\main\security\appclient.security\5.0\appclient.security-5.0.jar;C:\Users\User\.m2\repository\org\glassfish\main\security\security-ee\5.0\security-ee-5.0.jar;C:\Users\User\.m2\repository\org\glassfish\main\common\glassfish-ee-api\5.0\glassfish-ee-api-5.0.jar;C:\Users\User\.m2\repository\javax\security\jacc\javax.security.jacc-api\1.5\javax.security.jacc-api-1.5.jar;C:\Users\User\.m2\repository\org\glassfish\main\security\jaspic.provider.framework\5.0\jaspic.provider.framework-5.0.jar;C:\Users\User\.m2\repository\org\glassfish\external\libpam4j\1.9\libpam4j-1.9.jar;C:\Users\User\.m2\repository\net\java\dev\jna\jna\4.1.0\jna-4.1.0.jar;C:\Users\User\.m2\repository\org\glassfish\main\security\ejb.security\5.0\ejb.security-5.0.jar;C:\Users\User\.m2\repository\org\glassfish\main\common\glassfish-api\5.0\glassfish-api-5.0.jar;C:\Users\User\.m2\repository\org\glassfish\main\common\scattered-archive-api\5.0\scattered-archive-api-5.0.jar;C:\Users\User\.m2\repository\org\glassfish\hk2\hk2\2.5.0-b44\hk2-2.5.0-b44.jar;C:\Users\User\.m2\repository\org\glassfish\hk2\config-types\2.5.0-b44\config-types-2.5.0-b44.jar;C:\Users\User\.m2\repository\org\glassfish\hk2\hk2-config\2.5.0-b44\hk2-config-2.5.0-b44.jar;C:\Users\User\.m2\repository\org\jvnet\tiger-types\1.4\tiger-types-1.4.jar;C:\Users\User\.m2\repository\org\hibernate\hibernate-validator\5.2.4.Final\hibernate-validator-5.2.4.Final.jar;C:\Users\User\.m2\repository\org\jboss\logging\jboss-logging\3.2.1.Final\jboss-logging-3.2.1.Final.jar;C:\Users\User\.m2\repository\com\fasterxml\classmate\1.1.0\classmate-1.1.0.jar;C:\Users\User\.m2\repository\org\glassfish\hk2\hk2-runlevel\2.5.0-b44\hk2-runlevel-2.5.0-b44.jar;C:\Users\User\.m2\repository\org\glassfish\hk2\class-model\2.5.0-b44\class-model-2.5.0-b44.jar;C:\Users\User\.m2\repository\org\glassfish\hk2\external\asm-all-repackaged\2.5.0-b44\asm-all-repackaged-2.5.0-b44.jar;C:\Users\User\.m2\repository\org\glassfish\main\grizzly\nucleus-grizzly-all\5.0\nucleus-grizzly-all-5.0.jar;C:\Users\User\.m2\repository\org\glassfish\grizzly\grizzly-portunif\2.4.1\grizzly-portunif-2.4.1.jar;C:\Users\User\.m2\repository\org\glassfish\grizzly\grizzly-http\2.4.1\grizzly-http-2.4.1.jar;C:\Users\User\.m2\repository\org\glassfish\grizzly\grizzly-http2\2.4.1\grizzly-http2-2.4.1.jar;C:\Users\User\.m2\repository\org\glassfish\grizzly\grizzly-http-server\2.4.1\grizzly-http-server-2.4.1.jar;C:\Users\User\.m2\repository\org\glassfish\main\grizzly\grizzly-config\5.0\grizzly-config-5.0.jar;C:\Users\User\.m2\repository\org\glassfish\external\management-api\3.2.1-b002\management-api-3.2.1-b002.jar;C:\Users\User\.m2\repository\org\glassfish\main\security\webservices.security\5.0\webservices.security-5.0.jar;C:\Users\User\.m2\repository\org\glassfish\main\core\kernel\5.0\kernel-5.0.jar;C:\Users\User\.m2\repository\org\glassfish\main\flashlight\flashlight-framework\5.0\flashlight-framework-5.0.jar;C:\Users\User\.m2\repository\org\glassfish\main\core\logging\5.0\logging-5.0.jar;C:\Users\User\.m2\repository\org\glassfish\main\core\api-exporter\5.0\api-exporter-5.0.jar;C:\Users\User\.m2\repository\org\glassfish\main\web\web-glue\5.0\web-glue-5.0.jar;C:\Users\User\.m2\repository\org\glassfish\main\web\web-cli\5.0\web-cli-5.0.jar;C:\Users\User\.m2\repository\org\glassfish\main\common\amx-javaee\5.0\amx-javaee-5.0.jar;C:\Users\User\.m2\repository\javax\management\j2ee\javax.management.j2ee-api\1.1.1\javax.management.j2ee-api-1.1.1.jar;C:\Users\User\.m2\repository\org\glassfish\main\common\amx-core\5.0\amx-core-5.0.jar;C:\Users\User\.m2\repository\org\glassfish\main\web\war-util\5.0\war-util-5.0.jar;C:\Users\User\.m2\repository\javax\servlet\jsp\javax.servlet.jsp-api\2.3.2-b01\javax.servlet.jsp-api-2.3.2-b01.jar;C:\Users\User\.m2\repository\org\glassfish\main\web\web-naming\5.0\web-naming-5.0.jar;C:\Users\User\.m2\repository\org\glassfish\main\web\web-core\5.0\web-core-5.0.jar;C:\Users\User\.m2\repository\org\glassfish\web\javax.servlet.jsp\2.3.3-b02\javax.servlet.jsp-2.3.3-b02.jar;C:\Users\User\.m2\repository\org\glassfish\javax.el\3.0.1-b08\javax.el-3.0.1-b08.jar;C:\Users\User\.m2\repository\org\glassfish\main\admin\admin-core\5.0\admin-core-5.0.jar;C:\Users\User\.m2\repository\org\glassfish\main\web\web-gui-plugin-common\5.0\web-gui-plugin-common-5.0.jar;C:\Users\User\.m2\repository\org\glassfish\main\web\web-embed-api\5.0\web-embed-api-5.0.jar;C:\Users\User\.m2\repository\org\glassfish\main\web\gf-web-connector\5.0\gf-web-connector-5.0.jar;C:\Users\User\.m2\repository\org\glassfish\main\web\web-sse\5.0\web-sse-5.0.jar;C:\Users\User\.m2\repository\org\glassfish\metro\webservices-osgi\2.4.0\webservices-osgi-2.4.0.jar;C:\Users\User\.m2\repository\javax\xml\rpc\javax.xml.rpc-api\1.1\javax.xml.rpc-api-1.1.jar;C:\Users\User\.m2\repository\org\glassfish\metro\webservices-extra-jdk-packages\2.4.0\webservices-extra-jdk-packages-2.4.0.jar;C:\Users\User\.m2\repository\org\codehaus\woodstox\woodstox-core-asl\4.4.1\woodstox-core-asl-4.4.1.jar;C:\Users\User\.m2\repository\org\codehaus\woodstox\stax2-api\3.1.4\stax2-api-3.1.4.jar;C:\Users\User\.m2\repository\org\jvnet\mimepull\mimepull\1.9.7\mimepull-1.9.7.jar;C:\Users\User\.m2\repository\org\apache\santuario\xmlsec\1.5.8\xmlsec-1.5.8.jar;C:\Users\User\.m2\repository\commons-logging\commons-logging\1.1.2\commons-logging-1.1.2.jar;C:\Users\User\.m2\repository\org\glassfish\main\security\websecurity\5.0\websecurity-5.0.jar;C:\Users\User\.m2\repository\org\glassfish\main\webservices\jsr109-impl\5.0\jsr109-impl-5.0.jar;C:\Users\User\.m2\repository\org\glassfish\grizzly\grizzly-http-servlet\2.4.1\grizzly-http-servlet-2.4.1.jar;C:\Users\User\.m2\repository\org\glassfish\main\common\glassfish-naming\5.0\glassfish-naming-5.0.jar;C:\Users\User\.m2\repository\org\glassfish\main\connectors\work-management\5.0\work-management-5.0.jar;C:\Users\User\.m2\repository\org\glassfish\main\transaction\transaction-internal-api\5.0\transaction-internal-api-5.0.jar;C:\Users\User\.m2\repository\org\glassfish\gmbal\gmbal\4.0.0-b001\gmbal-4.0.0-b001.jar;C:\Users\User\.m2\repository\org\glassfish\pfl\pfl-basic-tools\4.0.0-b003\pfl-basic-tools-4.0.0-b003.jar;C:\Users\User\.m2\repository\org\glassfish\pfl\pfl-tf-tools\4.0.0-b003\pfl-tf-tools-4.0.0-b003.jar;C:\Users\User\.m2\repository\javax\security\auth\message\javax.security.auth.message-api\1.1\javax.security.auth.message-api-1.1.jar;C:\Users\User\.m2\repository\org\glassfish\main\connectors\connectors-inbound-runtime\5.0\connectors-inbound-runtime-5.0.jar;C:\Users\User\.m2\repository\org\glassfish\main\connectors\connectors-runtime\5.0\connectors-runtime-5.0.jar;C:\Users\User\.m2\repository\org\glassfish\main\connectors\gf-connectors-connector\5.0\gf-connectors-connector-5.0.jar;C:\Users\User\.m2\repository\org\glassfish\main\ejb\ejb-internal-api\5.0\ejb-internal-api-5.0.jar;C:\Users\User\.m2\repository\org\glassfish\main\orb\orb-connector\5.0\orb-connector-5.0.jar;C:\Users\User\.m2\repository\org\glassfish\main\orb\orb-enabler\5.0\orb-enabler-5.0.jar;C:\Users\User\.m2\repository\org\glassfish\pfl\pfl-basic\4.0.1-b001\pfl-basic-4.0.1-b001.jar;C:\Users\User\.m2\repository\org\glassfish\corba\glassfish-corba-omgapi\4.1.1-b001\glassfish-corba-omgapi-4.1.1-b001.jar;C:\Users\User\.m2\repository\org\glassfish\corba\glassfish-corba-internal-api\4.1.1-b001\glassfish-corba-internal-api-4.1.1-b001.jar;C:\Users\User\.m2\repository\javax\el\javax.el-api\3.0.1-b04\javax.el-api-3.0.1-b04.jar;C:\Users\User\.m2\repository\org\glassfish\main\admin\monitoring-core\5.0\monitoring-core-5.0.jar;C:\Users\User\.m2\repository\org\glassfish\main\webservices\webservices-connector\5.0\webservices-connector-5.0.jar;C:\Users\User\.m2\repository\org\glassfish\corba\glassfish-corba-orb\4.1.1-b001\glassfish-corba-orb-4.1.1-b001.jar;C:\Users\User\.m2\repository\org\glassfish\corba\glassfish-corba-csiv2-idl\4.1.1-b001\glassfish-corba-csiv2-idl-4.1.1-b001.jar;C:\Users\User\.m2\repository\org\glassfish\corba\exception-annotation-processor\4.1.1-b001\exception-annotation-processor-4.1.1-b001.jar;C:\Users\User\.m2\repository\org\apache\felix\org.osgi.core\1.2.0\org.osgi.core-1.2.0.jar;C:\Users\User\.m2\repository\org\glassfish\gmbal\gmbal-api-only\3.1.0-b001\gmbal-api-only-3.1.0-b001.jar;C:\Users\User\.m2\repository\org\glassfish\pfl\pfl-dynamic\4.0.0-b008\pfl-dynamic-4.0.0-b008.jar;C:\Users\User\.m2\repository\org\glassfish\pfl\pfl-asm\4.0.0-b008\pfl-asm-4.0.0-b008.jar;C:\Users\User\.m2\repository\org\glassfish\pfl\pfl-tf\4.0.0-b008\pfl-tf-4.0.0-b008.jar;C:\Users\User\.m2\repository\org\glassfish\grizzly\grizzly-framework\2.2.10\grizzly-framework-2.2.10.jar;C:\Users\User\.m2\repository\org\glassfish\main\orb\orb-iiop\5.0\orb-iiop-5.0.jar;C:\Users\User\.m2\repository\org\glassfish\main\cluster\gms-bootstrap\5.0\gms-bootstrap-5.0.jar;C:\Users\User\.m2\repository\org\shoal\shoal-gms-api\1.6.51\shoal-gms-api-1.6.51.jar;C:\Users\User\.m2\repository\org\glassfish\main\core\glassfish\5.0\glassfish-5.0.jar;C:\Users\User\.m2\repository\org\glassfish\main\common\simple-glassfish-api\5.0\simple-glassfish-api-5.0.jar;C:\Users\User\.m2\repository\org\glassfish\main\appclient\acc-config\5.0\acc-config-5.0.jar;C:\Users\User\.m2\repository\org\glassfish\main\transaction\jts\5.0\jts-5.0.jar;C:\Users\User\.m2\repository\org\glassfish\main\transaction\jta\5.0\jta-5.0.jar;C:\Users\User\.m2\repository\org\glassfish\main\jms\jms-core\5.0\jms-core-5.0.jar;C:\Users\User\.m2\repository\org\glassfish\main\jms\gf-jms-connector\5.0\gf-jms-connector-5.0.jar;C:\Users\User\.m2\repository\org\glassfish\main\common\glassfish-mbeanserver\5.0\glassfish-mbeanserver-5.0.jar;C:\Users\User\.m2\repository\org\glassfish\main\external\jmxremote_optional-repackaged\5.0\jmxremote_optional-repackaged-5.0.jar;C:\Users\User\.m2\repository\org\glassfish\main\ejb\gf-ejb-connector\5.0\gf-ejb-connector-5.0.jar;C:\Users\User\.m2\repository\javax\jms\javax.jms-api\2.0.1\javax.jms-api-2.0.1.jar;C:\Users\User\.m2\repository\org\eclipse\persistence\org.eclipse.persistence.core\2.7.0\org.eclipse.persistence.core-2.7.0.jar;C:\Users\User\.m2\repository\org\eclipse\persistence\org.eclipse.persistence.jpa\2.7.0\org.eclipse.persistence.jpa-2.7.0.jar;C:\Users\User\.m2\repository\org\eclipse\persistence\org.eclipse.persistence.jpa.jpql\2.7.0\org.eclipse.persistence.jpa.jpql-2.7.0.jar;C:\Users\User\.m2\repository\org\eclipse\persistence\org.eclipse.persistence.jpa.modelgen.processor\2.7.0\org.eclipse.persistence.jpa.modelgen.processor-2.7.0.jar;C:\Users\User\.m2\repository\org\eclipse\persistence\org.eclipse.persistence.moxy\2.7.0\org.eclipse.persistence.moxy-2.7.0.jar;C:\Users\User\.m2\repository\javax\validation\validation-api\1.1.0.Final\validation-api-1.1.0.Final.jar;C:\Users\User\.m2\repository\org\eclipse\persistence\org.eclipse.persistence.dbws\2.7.0\org.eclipse.persistence.dbws-2.7.0.jar;C:\Users\User\.m2\repository\org\eclipse\persistence\org.eclipse.persistence.oracle\2.7.0\org.eclipse.persistence.oracle-2.7.0.jar;C:\Users\User\.m2\repository\org\eclipse\persistence\org.eclipse.persistence.antlr\2.7.0\org.eclipse.persistence.antlr-2.7.0.jar;C:\Users\User\.m2\repository\org\eclipse\persistence\org.eclipse.persistence.asm\2.7.0\org.eclipse.persistence.asm-2.7.0.jar;C:\Users\User\.m2\repository\org\glassfish\main\persistence\jpa-container\5.0\jpa-container-5.0.jar;C:\Users\User\.m2\repository\org\glassfish\main\persistence\persistence-common\5.0\persistence-common-5.0.jar;C:\Users\User\.m2\repository\org\glassfish\main\deployment\deployment-javaee-core\5.0\deployment-javaee-core-5.0.jar;C:\Users\User\.m2\repository\org\glassfish\main\persistence\cmp\cmp-internal-api\5.0\cmp-internal-api-5.0.jar;C:\Users\User\.m2\repository\javax\annotation\javax.annotation-api\1.3\javax.annotation-api-1.3.jar;C:\Users\User\.m2\repository\javax\xml\bind\jaxb-api\2.3.0\jaxb-api-2.3.0.jar;C:\Users\User\.m2\repository\com\sun\xml\bind\jaxb-osgi\2.3.0\jaxb-osgi-2.3.0.jar;C:\Users\User\.m2\repository\com\sun\xml\bind\jaxb-extra-osgi\2.3.0\jaxb-extra-osgi-2.3.0.jar;C:\Users\User\.m2\repository\org\glassfish\metro\webservices-api-osgi\2.4.0\webservices-api-osgi-2.4.0.jar;C:\Users\User\.m2\repository\javax\xml\soap\javax.xml.soap-api\1.4.0\javax.xml.soap-api-1.4.0.jar;C:\Users\User\.m2\repository\javax\xml\registry\javax.xml.registry-api\1.0.7\javax.xml.registry-api-1.0.7.jar;C:\Users\User\.m2\repository\org\glassfish\main\appclient\server\appclient-connector\5.0\appclient-connector-5.0.jar;C:\Users\User\.m2\repository\org\glassfish\main\resources\javamail-connector\5.0\javamail-connector-5.0.jar;C:\Users\User\.m2\repository\org\glassfish\main\resources\resources-connector\5.0\resources-connector-5.0.jar;C:\Users\User\.m2\repository\javax\mail\javax.mail-api\1.6.0\javax.mail-api-1.6.0.jar;C:\Users\User\.m2\repository\org\glassfish\main\resources\javamail-runtime\5.0\javamail-runtime-5.0.jar;C:\Users\User\.m2\repository\javax\interceptor\javax.interceptor-api\1.2.1\javax.interceptor-api-1.2.1.jar;C:\Users\User\.m2\repository\org\glassfish\javax.json\1.1\javax.json-1.1.jar;C:\Users\User\.m2\repository\org\eclipse\yasson\1.0\yasson-1.0.jar;C:\Users\User\.m2\repository\javax\json\bind\javax.json.bind-api\1.0\javax.json.bind-api-1.0.jar;C:\Users\User\.m2\repository\javax\json\javax.json-api\1.1\javax.json-api-1.1.jar;C:\Users\User\.m2\repository\org\jboss\weld\se\weld-se-shaded\3.0.0.Final\weld-se-shaded-3.0.0.Final.jar;C:\Users\User\.m2\repository\javax\enterprise\cdi-api\2.0\cdi-api-2.0.jar;C:\Users\User\.m2\repository\javax\inject\javax.inject\1\javax.inject-1.jar;D:\programas\netbeans\jdk\jre\..\lib\tools.jar;"/>
    <property name="java.vm.vendor" value="Oracle Corporation"/>
    <property name="sun.arch.data.model" value="64"/>
    <property name="user.variant" value=""/>
    <property name="java.vendor.url" value="http://java.oracle.com/"/>
    <property name="user.timezone" value="America/Regina"/>
    <property name="java.vm.specification.version" value="1.8"/>
    <property name="os.name" value="Windows 10"/>
    <property name="sun.java.launcher" value="SUN_STANDARD"/>
    <property name="user.country" value="SV"/>
    <property name="sun.boot.library.path" value="D:\programas\netbeans\jdk\jre\bin"/>
    <property name="sun.java.command" value="C:\Users\User\AppData\Local\Temp\surefire3952119809775362781\surefirebooter-20240312235408067_3.jar C:\Users\User\AppData\Local\Temp\surefire3952119809775362781 2024-03-12T23-54-07_951-jvmRun1 surefire-20240312235408067_1tmp surefire_0-20240312235408067_2tmp"/>
    <property name="surefire.test.class.path" value="D:\escritorio\netbeans\MV100521\target\test-classes;D:\escritorio\netbeans\MV100521\target\classes;C:\Users\User\.m2\repository\javax\javaee-api\8.0.1\javaee-api-8.0.1.jar;C:\Users\User\.m2\repository\com\sun\mail\javax.mail\1.6.2\javax.mail-1.6.2.jar;C:\Users\User\.m2\repository\javax\activation\activation\1.1\activation-1.1.jar;C:\Users\User\.m2\repository\org\glassfish\main\appclient\gf-client\5.0\gf-client-5.0.jar;C:\Users\User\.m2\repository\org\glassfish\main\appclient\gf-client-module\5.0\gf-client-module-5.0.jar;C:\Users\User\.m2\repository\org\glassfish\hk2\hk2-core\2.5.0-b44\hk2-core-2.5.0-b44.jar;C:\Users\User\.m2\repository\org\glassfish\hk2\hk2-locator\2.5.0-b44\hk2-locator-2.5.0-b44.jar;C:\Users\User\.m2\repository\org\glassfish\hk2\external\javax.inject\2.5.0-b44\javax.inject-2.5.0-b44.jar;C:\Users\User\.m2\repository\org\glassfish\hk2\external\aopalliance-repackaged\2.5.0-b44\aopalliance-repackaged-2.5.0-b44.jar;C:\Users\User\.m2\repository\org\glassfish\hk2\hk2-api\2.5.0-b44\hk2-api-2.5.0-b44.jar;C:\Users\User\.m2\repository\org\javassist\javassist\3.22.0-CR2\javassist-3.22.0-CR2.jar;C:\Users\User\.m2\repository\org\glassfish\hk2\hk2-utils\2.5.0-b44\hk2-utils-2.5.0-b44.jar;C:\Users\User\.m2\repository\org\glassfish\main\common\common-util\5.0\common-util-5.0.jar;C:\Users\User\.m2\repository\org\glassfish\main\ejb\ejb-full-container\5.0\ejb-full-container-5.0.jar;C:\Users\User\.m2\repository\org\glassfish\main\ejb\ejb-container\5.0\ejb-container-5.0.jar;C:\Users\User\.m2\repository\org\glassfish\main\ejb\ejb-client\5.0\ejb-client-5.0.jar;C:\Users\User\.m2\repository\org\glassfish\main\common\stats77\5.0\stats77-5.0.jar;C:\Users\User\.m2\repository\org\glassfish\external\asm-all\6.0_ALPHA\asm-all-6.0_ALPHA.jar;C:\Users\User\.m2\repository\org\glassfish\main\common\container-common\5.0\container-common-5.0.jar;C:\Users\User\.m2\repository\javax\servlet\javax.servlet-api\4.0.0\javax.servlet-api-4.0.0.jar;C:\Users\User\.m2\repository\org\glassfish\main\common\internal-api\5.0\internal-api-5.0.jar;C:\Users\User\.m2\repository\org\glassfish\main\admin\config-api\5.0\config-api-5.0.jar;C:\Users\User\.m2\repository\org\glassfish\main\admin\admin-util\5.0\admin-util-5.0.jar;C:\Users\User\.m2\repository\org\glassfish\main\security\security-services\5.0\security-services-5.0.jar;C:\Users\User\.m2\repository\com\fasterxml\jackson\core\jackson-annotations\2.8.9\jackson-annotations-2.8.9.jar;C:\Users\User\.m2\repository\com\fasterxml\jackson\core\jackson-databind\2.8.9\jackson-databind-2.8.9.jar;C:\Users\User\.m2\repository\com\fasterxml\jackson\core\jackson-core\2.8.9\jackson-core-2.8.9.jar;C:\Users\User\.m2\repository\com\fasterxml\jackson\module\jackson-module-jaxb-annotations\2.8.9\jackson-module-jaxb-annotations-2.8.9.jar;C:\Users\User\.m2\repository\org\glassfish\main\security\security\5.0\security-5.0.jar;C:\Users\User\.m2\repository\org\glassfish\main\security\ssl-impl\5.0\ssl-impl-5.0.jar;C:\Users\User\.m2\repository\org\glassfish\main\external\ldapbp-repackaged\5.0\ldapbp-repackaged-5.0.jar;C:\Users\User\.m2\repository\org\glassfish\main\connectors\connectors-internal-api\5.0\connectors-internal-api-5.0.jar;C:\Users\User\.m2\repository\org\glassfish\ha\ha-api\3.1.8\ha-api-3.1.8.jar;C:\Users\User\.m2\repository\org\glassfish\main\deployment\dol\5.0\dol-5.0.jar;C:\Users\User\.m2\repository\javax\transaction\javax.transaction-api\1.2.1\javax.transaction-api-1.2.1.jar;C:\Users\User\.m2\repository\javax\enterprise\deploy\javax.enterprise.deploy-api\1.6\javax.enterprise.deploy-api-1.6.jar;C:\Users\User\.m2\repository\org\eclipse\persistence\javax.persistence\2.2.0\javax.persistence-2.2.0.jar;C:\Users\User\.m2\repository\javax\resource\javax.resource-api\1.7\javax.resource-api-1.7.jar;C:\Users\User\.m2\repository\javax\ejb\javax.ejb-api\3.2\javax.ejb-api-3.2.jar;C:\Users\User\.m2\repository\org\glassfish\main\deployment\deployment-common\5.0\deployment-common-5.0.jar;C:\Users\User\.m2\repository\org\glassfish\main\common\annotation-framework\5.0\annotation-framework-5.0.jar;C:\Users\User\.m2\repository\org\glassfish\main\resourcebase\resources\nucleus-resources\5.0\nucleus-resources-5.0.jar;C:\Users\User\.m2\repository\org\glassfish\main\security\appclient.security\5.0\appclient.security-5.0.jar;C:\Users\User\.m2\repository\org\glassfish\main\security\security-ee\5.0\security-ee-5.0.jar;C:\Users\User\.m2\repository\org\glassfish\main\common\glassfish-ee-api\5.0\glassfish-ee-api-5.0.jar;C:\Users\User\.m2\repository\javax\security\jacc\javax.security.jacc-api\1.5\javax.security.jacc-api-1.5.jar;C:\Users\User\.m2\repository\org\glassfish\main\security\jaspic.provider.framework\5.0\jaspic.provider.framework-5.0.jar;C:\Users\User\.m2\repository\org\glassfish\external\libpam4j\1.9\libpam4j-1.9.jar;C:\Users\User\.m2\repository\net\java\dev\jna\jna\4.1.0\jna-4.1.0.jar;C:\Users\User\.m2\repository\org\glassfish\main\security\ejb.security\5.0\ejb.security-5.0.jar;C:\Users\User\.m2\repository\org\glassfish\main\common\glassfish-api\5.0\glassfish-api-5.0.jar;C:\Users\User\.m2\repository\org\glassfish\main\common\scattered-archive-api\5.0\scattered-archive-api-5.0.jar;C:\Users\User\.m2\repository\org\glassfish\hk2\hk2\2.5.0-b44\hk2-2.5.0-b44.jar;C:\Users\User\.m2\repository\org\glassfish\hk2\config-types\2.5.0-b44\config-types-2.5.0-b44.jar;C:\Users\User\.m2\repository\org\glassfish\hk2\hk2-config\2.5.0-b44\hk2-config-2.5.0-b44.jar;C:\Users\User\.m2\repository\org\jvnet\tiger-types\1.4\tiger-types-1.4.jar;C:\Users\User\.m2\repository\org\hibernate\hibernate-validator\5.2.4.Final\hibernate-validator-5.2.4.Final.jar;C:\Users\User\.m2\repository\org\jboss\logging\jboss-logging\3.2.1.Final\jboss-logging-3.2.1.Final.jar;C:\Users\User\.m2\repository\com\fasterxml\classmate\1.1.0\classmate-1.1.0.jar;C:\Users\User\.m2\repository\org\glassfish\hk2\hk2-runlevel\2.5.0-b44\hk2-runlevel-2.5.0-b44.jar;C:\Users\User\.m2\repository\org\glassfish\hk2\class-model\2.5.0-b44\class-model-2.5.0-b44.jar;C:\Users\User\.m2\repository\org\glassfish\hk2\external\asm-all-repackaged\2.5.0-b44\asm-all-repackaged-2.5.0-b44.jar;C:\Users\User\.m2\repository\org\glassfish\main\grizzly\nucleus-grizzly-all\5.0\nucleus-grizzly-all-5.0.jar;C:\Users\User\.m2\repository\org\glassfish\grizzly\grizzly-portunif\2.4.1\grizzly-portunif-2.4.1.jar;C:\Users\User\.m2\repository\org\glassfish\grizzly\grizzly-http\2.4.1\grizzly-http-2.4.1.jar;C:\Users\User\.m2\repository\org\glassfish\grizzly\grizzly-http2\2.4.1\grizzly-http2-2.4.1.jar;C:\Users\User\.m2\repository\org\glassfish\grizzly\grizzly-http-server\2.4.1\grizzly-http-server-2.4.1.jar;C:\Users\User\.m2\repository\org\glassfish\main\grizzly\grizzly-config\5.0\grizzly-config-5.0.jar;C:\Users\User\.m2\repository\org\glassfish\external\management-api\3.2.1-b002\management-api-3.2.1-b002.jar;C:\Users\User\.m2\repository\org\glassfish\main\security\webservices.security\5.0\webservices.security-5.0.jar;C:\Users\User\.m2\repository\org\glassfish\main\core\kernel\5.0\kernel-5.0.jar;C:\Users\User\.m2\repository\org\glassfish\main\flashlight\flashlight-framework\5.0\flashlight-framework-5.0.jar;C:\Users\User\.m2\repository\org\glassfish\main\core\logging\5.0\logging-5.0.jar;C:\Users\User\.m2\repository\org\glassfish\main\core\api-exporter\5.0\api-exporter-5.0.jar;C:\Users\User\.m2\repository\org\glassfish\main\web\web-glue\5.0\web-glue-5.0.jar;C:\Users\User\.m2\repository\org\glassfish\main\web\web-cli\5.0\web-cli-5.0.jar;C:\Users\User\.m2\repository\org\glassfish\main\common\amx-javaee\5.0\amx-javaee-5.0.jar;C:\Users\User\.m2\repository\javax\management\j2ee\javax.management.j2ee-api\1.1.1\javax.management.j2ee-api-1.1.1.jar;C:\Users\User\.m2\repository\org\glassfish\main\common\amx-core\5.0\amx-core-5.0.jar;C:\Users\User\.m2\repository\org\glassfish\main\web\war-util\5.0\war-util-5.0.jar;C:\Users\User\.m2\repository\javax\servlet\jsp\javax.servlet.jsp-api\2.3.2-b01\javax.servlet.jsp-api-2.3.2-b01.jar;C:\Users\User\.m2\repository\org\glassfish\main\web\web-naming\5.0\web-naming-5.0.jar;C:\Users\User\.m2\repository\org\glassfish\main\web\web-core\5.0\web-core-5.0.jar;C:\Users\User\.m2\repository\org\glassfish\web\javax.servlet.jsp\2.3.3-b02\javax.servlet.jsp-2.3.3-b02.jar;C:\Users\User\.m2\repository\org\glassfish\javax.el\3.0.1-b08\javax.el-3.0.1-b08.jar;C:\Users\User\.m2\repository\org\glassfish\main\admin\admin-core\5.0\admin-core-5.0.jar;C:\Users\User\.m2\repository\org\glassfish\main\web\web-gui-plugin-common\5.0\web-gui-plugin-common-5.0.jar;C:\Users\User\.m2\repository\org\glassfish\main\web\web-embed-api\5.0\web-embed-api-5.0.jar;C:\Users\User\.m2\repository\org\glassfish\main\web\gf-web-connector\5.0\gf-web-connector-5.0.jar;C:\Users\User\.m2\repository\org\glassfish\main\web\web-sse\5.0\web-sse-5.0.jar;C:\Users\User\.m2\repository\org\glassfish\metro\webservices-osgi\2.4.0\webservices-osgi-2.4.0.jar;C:\Users\User\.m2\repository\javax\xml\rpc\javax.xml.rpc-api\1.1\javax.xml.rpc-api-1.1.jar;C:\Users\User\.m2\repository\org\glassfish\metro\webservices-extra-jdk-packages\2.4.0\webservices-extra-jdk-packages-2.4.0.jar;C:\Users\User\.m2\repository\org\codehaus\woodstox\woodstox-core-asl\4.4.1\woodstox-core-asl-4.4.1.jar;C:\Users\User\.m2\repository\org\codehaus\woodstox\stax2-api\3.1.4\stax2-api-3.1.4.jar;C:\Users\User\.m2\repository\org\jvnet\mimepull\mimepull\1.9.7\mimepull-1.9.7.jar;C:\Users\User\.m2\repository\org\apache\santuario\xmlsec\1.5.8\xmlsec-1.5.8.jar;C:\Users\User\.m2\repository\commons-logging\commons-logging\1.1.2\commons-logging-1.1.2.jar;C:\Users\User\.m2\repository\org\glassfish\main\security\websecurity\5.0\websecurity-5.0.jar;C:\Users\User\.m2\repository\org\glassfish\main\webservices\jsr109-impl\5.0\jsr109-impl-5.0.jar;C:\Users\User\.m2\repository\org\glassfish\grizzly\grizzly-http-servlet\2.4.1\grizzly-http-servlet-2.4.1.jar;C:\Users\User\.m2\repository\org\glassfish\main\common\glassfish-naming\5.0\glassfish-naming-5.0.jar;C:\Users\User\.m2\repository\org\glassfish\main\connectors\work-management\5.0\work-management-5.0.jar;C:\Users\User\.m2\repository\org\glassfish\main\transaction\transaction-internal-api\5.0\transaction-internal-api-5.0.jar;C:\Users\User\.m2\repository\org\glassfish\gmbal\gmbal\4.0.0-b001\gmbal-4.0.0-b001.jar;C:\Users\User\.m2\repository\org\glassfish\pfl\pfl-basic-tools\4.0.0-b003\pfl-basic-tools-4.0.0-b003.jar;C:\Users\User\.m2\repository\org\glassfish\pfl\pfl-tf-tools\4.0.0-b003\pfl-tf-tools-4.0.0-b003.jar;C:\Users\User\.m2\repository\javax\security\auth\message\javax.security.auth.message-api\1.1\javax.security.auth.message-api-1.1.jar;C:\Users\User\.m2\repository\org\glassfish\main\connectors\connectors-inbound-runtime\5.0\connectors-inbound-runtime-5.0.jar;C:\Users\User\.m2\repository\org\glassfish\main\connectors\connectors-runtime\5.0\connectors-runtime-5.0.jar;C:\Users\User\.m2\repository\org\glassfish\main\connectors\gf-connectors-connector\5.0\gf-connectors-connector-5.0.jar;C:\Users\User\.m2\repository\org\glassfish\main\ejb\ejb-internal-api\5.0\ejb-internal-api-5.0.jar;C:\Users\User\.m2\repository\org\glassfish\main\orb\orb-connector\5.0\orb-connector-5.0.jar;C:\Users\User\.m2\repository\org\glassfish\main\orb\orb-enabler\5.0\orb-enabler-5.0.jar;C:\Users\User\.m2\repository\org\glassfish\pfl\pfl-basic\4.0.1-b001\pfl-basic-4.0.1-b001.jar;C:\Users\User\.m2\repository\org\glassfish\corba\glassfish-corba-omgapi\4.1.1-b001\glassfish-corba-omgapi-4.1.1-b001.jar;C:\Users\User\.m2\repository\org\glassfish\corba\glassfish-corba-internal-api\4.1.1-b001\glassfish-corba-internal-api-4.1.1-b001.jar;C:\Users\User\.m2\repository\javax\el\javax.el-api\3.0.1-b04\javax.el-api-3.0.1-b04.jar;C:\Users\User\.m2\repository\org\glassfish\main\admin\monitoring-core\5.0\monitoring-core-5.0.jar;C:\Users\User\.m2\repository\org\glassfish\main\webservices\webservices-connector\5.0\webservices-connector-5.0.jar;C:\Users\User\.m2\repository\org\glassfish\corba\glassfish-corba-orb\4.1.1-b001\glassfish-corba-orb-4.1.1-b001.jar;C:\Users\User\.m2\repository\org\glassfish\corba\glassfish-corba-csiv2-idl\4.1.1-b001\glassfish-corba-csiv2-idl-4.1.1-b001.jar;C:\Users\User\.m2\repository\org\glassfish\corba\exception-annotation-processor\4.1.1-b001\exception-annotation-processor-4.1.1-b001.jar;C:\Users\User\.m2\repository\org\apache\felix\org.osgi.core\1.2.0\org.osgi.core-1.2.0.jar;C:\Users\User\.m2\repository\org\glassfish\gmbal\gmbal-api-only\3.1.0-b001\gmbal-api-only-3.1.0-b001.jar;C:\Users\User\.m2\repository\org\glassfish\pfl\pfl-dynamic\4.0.0-b008\pfl-dynamic-4.0.0-b008.jar;C:\Users\User\.m2\repository\org\glassfish\pfl\pfl-asm\4.0.0-b008\pfl-asm-4.0.0-b008.jar;C:\Users\User\.m2\repository\org\glassfish\pfl\pfl-tf\4.0.0-b008\pfl-tf-4.0.0-b008.jar;C:\Users\User\.m2\repository\org\glassfish\grizzly\grizzly-framework\2.2.10\grizzly-framework-2.2.10.jar;C:\Users\User\.m2\repository\org\glassfish\main\orb\orb-iiop\5.0\orb-iiop-5.0.jar;C:\Users\User\.m2\repository\org\glassfish\main\cluster\gms-bootstrap\5.0\gms-bootstrap-5.0.jar;C:\Users\User\.m2\repository\org\shoal\shoal-gms-api\1.6.51\shoal-gms-api-1.6.51.jar;C:\Users\User\.m2\repository\org\glassfish\main\core\glassfish\5.0\glassfish-5.0.jar;C:\Users\User\.m2\repository\org\glassfish\main\common\simple-glassfish-api\5.0\simple-glassfish-api-5.0.jar;C:\Users\User\.m2\repository\org\glassfish\main\appclient\acc-config\5.0\acc-config-5.0.jar;C:\Users\User\.m2\repository\org\glassfish\main\transaction\jts\5.0\jts-5.0.jar;C:\Users\User\.m2\repository\org\glassfish\main\transaction\jta\5.0\jta-5.0.jar;C:\Users\User\.m2\repository\org\glassfish\main\jms\jms-core\5.0\jms-core-5.0.jar;C:\Users\User\.m2\repository\org\glassfish\main\jms\gf-jms-connector\5.0\gf-jms-connector-5.0.jar;C:\Users\User\.m2\repository\org\glassfish\main\common\glassfish-mbeanserver\5.0\glassfish-mbeanserver-5.0.jar;C:\Users\User\.m2\repository\org\glassfish\main\external\jmxremote_optional-repackaged\5.0\jmxremote_optional-repackaged-5.0.jar;C:\Users\User\.m2\repository\org\glassfish\main\ejb\gf-ejb-connector\5.0\gf-ejb-connector-5.0.jar;C:\Users\User\.m2\repository\javax\jms\javax.jms-api\2.0.1\javax.jms-api-2.0.1.jar;C:\Users\User\.m2\repository\org\eclipse\persistence\org.eclipse.persistence.core\2.7.0\org.eclipse.persistence.core-2.7.0.jar;C:\Users\User\.m2\repository\org\eclipse\persistence\org.eclipse.persistence.jpa\2.7.0\org.eclipse.persistence.jpa-2.7.0.jar;C:\Users\User\.m2\repository\org\eclipse\persistence\org.eclipse.persistence.jpa.jpql\2.7.0\org.eclipse.persistence.jpa.jpql-2.7.0.jar;C:\Users\User\.m2\repository\org\eclipse\persistence\org.eclipse.persistence.jpa.modelgen.processor\2.7.0\org.eclipse.persistence.jpa.modelgen.processor-2.7.0.jar;C:\Users\User\.m2\repository\org\eclipse\persistence\org.eclipse.persistence.moxy\2.7.0\org.eclipse.persistence.moxy-2.7.0.jar;C:\Users\User\.m2\repository\javax\validation\validation-api\1.1.0.Final\validation-api-1.1.0.Final.jar;C:\Users\User\.m2\repository\org\eclipse\persistence\org.eclipse.persistence.dbws\2.7.0\org.eclipse.persistence.dbws-2.7.0.jar;C:\Users\User\.m2\repository\org\eclipse\persistence\org.eclipse.persistence.oracle\2.7.0\org.eclipse.persistence.oracle-2.7.0.jar;C:\Users\User\.m2\repository\org\eclipse\persistence\org.eclipse.persistence.antlr\2.7.0\org.eclipse.persistence.antlr-2.7.0.jar;C:\Users\User\.m2\repository\org\eclipse\persistence\org.eclipse.persistence.asm\2.7.0\org.eclipse.persistence.asm-2.7.0.jar;C:\Users\User\.m2\repository\org\glassfish\main\persistence\jpa-container\5.0\jpa-container-5.0.jar;C:\Users\User\.m2\repository\org\glassfish\main\persistence\persistence-common\5.0\persistence-common-5.0.jar;C:\Users\User\.m2\repository\org\glassfish\main\deployment\deployment-javaee-core\5.0\deployment-javaee-core-5.0.jar;C:\Users\User\.m2\repository\org\glassfish\main\persistence\cmp\cmp-internal-api\5.0\cmp-internal-api-5.0.jar;C:\Users\User\.m2\repository\javax\annotation\javax.annotation-api\1.3\javax.annotation-api-1.3.jar;C:\Users\User\.m2\repository\javax\xml\bind\jaxb-api\2.3.0\jaxb-api-2.3.0.jar;C:\Users\User\.m2\repository\com\sun\xml\bind\jaxb-osgi\2.3.0\jaxb-osgi-2.3.0.jar;C:\Users\User\.m2\repository\com\sun\xml\bind\jaxb-extra-osgi\2.3.0\jaxb-extra-osgi-2.3.0.jar;C:\Users\User\.m2\repository\org\glassfish\metro\webservices-api-osgi\2.4.0\webservices-api-osgi-2.4.0.jar;C:\Users\User\.m2\repository\javax\xml\soap\javax.xml.soap-api\1.4.0\javax.xml.soap-api-1.4.0.jar;C:\Users\User\.m2\repository\javax\xml\registry\javax.xml.registry-api\1.0.7\javax.xml.registry-api-1.0.7.jar;C:\Users\User\.m2\repository\org\glassfish\main\appclient\server\appclient-connector\5.0\appclient-connector-5.0.jar;C:\Users\User\.m2\repository\org\glassfish\main\resources\javamail-connector\5.0\javamail-connector-5.0.jar;C:\Users\User\.m2\repository\org\glassfish\main\resources\resources-connector\5.0\resources-connector-5.0.jar;C:\Users\User\.m2\repository\javax\mail\javax.mail-api\1.6.0\javax.mail-api-1.6.0.jar;C:\Users\User\.m2\repository\org\glassfish\main\resources\javamail-runtime\5.0\javamail-runtime-5.0.jar;C:\Users\User\.m2\repository\javax\interceptor\javax.interceptor-api\1.2.1\javax.interceptor-api-1.2.1.jar;C:\Users\User\.m2\repository\org\glassfish\javax.json\1.1\javax.json-1.1.jar;C:\Users\User\.m2\repository\org\eclipse\yasson\1.0\yasson-1.0.jar;C:\Users\User\.m2\repository\javax\json\bind\javax.json.bind-api\1.0\javax.json.bind-api-1.0.jar;C:\Users\User\.m2\repository\javax\json\javax.json-api\1.1\javax.json-api-1.1.jar;C:\Users\User\.m2\repository\org\jboss\weld\se\weld-se-shaded\3.0.0.Final\weld-se-shaded-3.0.0.Final.jar;C:\Users\User\.m2\repository\javax\enterprise\cdi-api\2.0\cdi-api-2.0.jar;C:\Users\User\.m2\repository\javax\inject\javax.inject\1\javax.inject-1.jar;D:\programas\netbeans\jdk\jre\..\lib\tools.jar;"/>
    <property name="sun.cpu.endian" value="little"/>
    <property name="user.home" value="C:\Users\User"/>
    <property name="user.language" value="es"/>
    <property name="java.specification.vendor" value="Oracle Corporation"/>
    <property name="java.home" value="D:\programas\netbeans\jdk\jre"/>
    <property name="basedir" value="D:\escritorio\netbeans\MV100521"/>
    <property name="file.separator" value="\"/>
    <property name="line.separator" value="&#10;"/>
    <property name="java.vm.specification.vendor" value="Oracle Corporation"/>
    <property name="java.specification.name" value="Java Platform API Specification"/>
    <property name="java.awt.graphicsenv" value="sun.awt.Win32GraphicsEnvironment"/>
    <property name="surefire.real.class.path" value="C:\Users\User\AppData\Local\Temp\surefire3952119809775362781\surefirebooter-20240312235408067_3.jar"/>
    <property name="sun.boot.class.path" value="D:\programas\netbeans\jdk\jre\lib\resources.jar;D:\programas\netbeans\jdk\jre\lib\rt.jar;D:\programas\netbeans\jdk\jre\lib\sunrsasign.jar;D:\programas\netbeans\jdk\jre\lib\jsse.jar;D:\programas\netbeans\jdk\jre\lib\jce.jar;D:\programas\netbeans\jdk\jre\lib\charsets.jar;D:\programas\netbeans\jdk\jre\lib\jfr.jar;D:\programas\netbeans\jdk\jre\classes"/>
    <property name="user.script" value=""/>
    <property name="sun.management.compiler" value="HotSpot 64-Bit Tiered Compilers"/>
    <property name="java.runtime.version" value="1.8.0_202-b08"/>
    <property name="user.name" value="User"/>
    <property name="path.separator" value=";"/>
    <property name="os.version" value="10.0"/>
    <property name="java.endorsed.dirs" value="D:\programas\netbeans\jdk\jre\lib\endorsed"/>
    <property name="java.runtime.name" value="Java(TM) SE Runtime Environment"/>
    <property name="file.encoding" value="UTF-8"/>
    <property name="java.vm.name" value="Java HotSpot(TM) 64-Bit Server VM"/>
    <property name="maven.ext.class.path" value="D:\programas\netbeans\NetBeans-18\netbeans\java\maven-nblib\netbeans-eventspy.jar"/>
    <property name="localRepository" value="C:\Users\User\.m2\repository"/>
    <property name="java.vendor.url.bug" value="http://bugreport.sun.com/bugreport/"/>
    <property name="java.io.tmpdir" value="C:\Users\User\AppData\Local\Temp\"/>
    <property name="java.version" value="1.8.0_202"/>
    <property name="user.dir" value="D:\escritorio\netbeans\MV100521"/>
    <property name="os.arch" value="amd64"/>
    <property name="java.vm.specification.name" value="Java Virtual Machine Specification"/>
    <property name="java.awt.printerjob" value="sun.awt.windows.WPrinterJob"/>
    <property name="sun.os.patch.level" value=""/>
    <property name="java.library.path" value="D:\programas\netbeans\jdk\jre\bin;C:\Windows\Sun\Java\bin;C:\Windows\system32;C:\Windows;C:\Program Files (x86)\Common Files\Oracle\Java\javapath;C:\Windows\system32;C:\Windows;C:\Windows\System32\Wbem;C:\Windows\System32\WindowsPowerShell\v1.0\;C:\Windows\System32\OpenSSH\;C:\Program Files\NVIDIA Corporation\NVIDIA NvDLISR;C:\Program Files (x86)\NVIDIA Corporation\PhysX\Common;C:\Program Files\Microsoft SQL Server\150\Tools\Binn\;C:\Program Files\Microsoft SQL Server\Client SDK\ODBC\170\Tools\Binn\;C:\Program Files\dotnet\;C:\Program Files (x86)\Microsoft SQL Server\150\Tools\Binn\;C:\Program Files\Microsoft SQL Server\150\DTS\Binn\;C:\Program Files (x86)\Microsoft SQL Server\150\DTS\Binn\;C:\Program Files\Azure Data Studio\bin;D:\git\Git\cmd;C:\Users\User\AppData\Local\Microsoft\WindowsApps;C:\Users\User\.dotnet\tools;C:\Program Files\Azure Data Studio\bin;."/>
    <property name="java.vm.info" value="mixed mode"/>
    <property name="java.vendor" value="Oracle Corporation"/>
    <property name="java.vm.version" value="25.202-b08"/>
    <property name="java.ext.dirs" value="D:\programas\netbeans\jdk\jre\lib\ext;C:\Windows\Sun\Java\lib\ext"/>
    <property name="sun.io.unicode.encoding" value="UnicodeLittle"/>
    <property name="java.class.version" value="52.0"/>
  </properties>
</testsuite>